<?xml version="1.0" encoding="UTF-8"?>
<robot generator="Robot 7.3.2 (Python 3.14.0 on win32)" generated="2025-11-15T08:54:16.728766" rpa="false" schemaversion="5">
<suite id="s1" name="Tests" source="C:\Users\user\PycharmProjects\ApplicationTest\tests">
<suite id="s1-s1" name="Main" source="C:\Users\user\PycharmProjects\ApplicationTest\tests\main.robot">
<kw name="Begin Web Test" owner="common" type="SETUP">
<kw name="Open Browser" owner="SeleniumLibrary">
<msg time="2025-11-15T08:54:17.205634" level="INFO">Opening browser 'chrome' to base url 'about:blank'.</msg>
<arg>about:blank</arg>
<arg>${BROWSER}</arg>
<doc>Opens a new browser instance to the optional ``url``.</doc>
<status status="PASS" start="2025-11-15T08:54:17.205218" elapsed="4.220952"/>
</kw>
<kw name="Maximize Browser Window" owner="SeleniumLibrary">
<doc>Maximizes current browser window.</doc>
<status status="PASS" start="2025-11-15T08:54:21.426663" elapsed="0.074085"/>
</kw>
<status status="PASS" start="2025-11-15T08:54:17.203777" elapsed="4.297352"/>
</kw>
<test id="s1-s1-t1" name="Acces website" line="14">
<kw name="Load Web Page" owner="PageAccueil">
<kw name="Go To" owner="SeleniumLibrary">
<msg time="2025-11-15T08:54:21.504450" level="INFO">Opening url 'https://www.google.com'</msg>
<arg>${GOOGLE_URL}</arg>
<doc>Navigates the current browser window to the provided ``url``.</doc>
<status status="PASS" start="2025-11-15T08:54:21.504065" elapsed="28.561686"/>
</kw>
<kw name="Wait Until Page Contains" owner="SeleniumLibrary">
<arg>Google</arg>
<doc>Waits until ``text`` appears on the current page.</doc>
<status status="PASS" start="2025-11-15T08:54:50.066383" elapsed="0.036465"/>
</kw>
<status status="PASS" start="2025-11-15T08:54:21.503174" elapsed="28.599882"/>
</kw>
<kw name="Search Web Site" owner="PageAccueil">
<kw name="Clear Element Text" owner="SeleniumLibrary">
<arg>name=q</arg>
<doc>Clears the value of the text-input-element identified by ``locator``.</doc>
<status status="PASS" start="2025-11-15T08:54:50.104162" elapsed="0.074015"/>
</kw>
<kw name="Input Text" owner="SeleniumLibrary">
<msg time="2025-11-15T08:54:50.179080" level="INFO">Typing text 'iziway' into text field 'name=q'.</msg>
<arg>name=q</arg>
<arg>iziway</arg>
<doc>Types the given ``text`` into the text field identified by ``locator``.</doc>
<status status="PASS" start="2025-11-15T08:54:50.178560" elapsed="0.155984"/>
</kw>
<kw name="Press Keys" owner="SeleniumLibrary">
<msg time="2025-11-15T08:54:50.335947" level="INFO">Sending key(s) ('ENTER',) to name=q element.</msg>
<msg time="2025-11-15T08:54:50.670566" level="INFO">Pressing special key ENTER to element.</msg>
<msg time="2025-11-15T08:54:50.671062" level="INFO">Releasing special key ENTER.</msg>
<arg>name=q</arg>
<arg>ENTER</arg>
<doc>Simulates the user pressing key(s) to an element or on the active browser.</doc>
<status status="PASS" start="2025-11-15T08:54:50.334929" elapsed="66.268037"/>
</kw>
<kw name="Wait Until Page Contains" owner="SeleniumLibrary">
<errors>
<msg time="2025-11-15T08:56:40.551276" level="ERROR">Execution stopped by user.</msg>
</errors>
</robot>
